<?xml version="1.0" encoding="UTF-8"?>
<!-- Generated by org.testng.reporters.JUnitReportReporter -->
<testsuite skipped="0" hostname="PF0Q7VST-BLR" name="in.licious.test.Chicken" tests="1" failures="0" timestamp="15 Mar 2018 21:02:53 GMT" time="56.164" errors="0">
  <testcase name="testChicken" time="56.164" classname="in.licious.test.Chicken"/>
</testsuite> <!-- in.licious.test.Chicken -->
